app/builds/intermediates/manifest_merge_blame_file/debug/manifest-merger-blame-debug-report.txt
1<?xml version="1.0" encoding="utf-8"?>
2<manifest xmlns:android="http://schemas.android.com/apk/res/android"
3    package="com.algebratech.pulse_wellness"
4    android:versionCode="148"
5    android:versionName="7.0.8" >
6
7    <uses-sdk
8        android:minSdkVersion="21"
8-->src/main/AndroidManifest.xml
9        android:targetSdkVersion="31" />
9-->src/main/AndroidManifest.xml
10
11    <uses-permission android:name="android.permission.BLUETOOTH" />
11-->src/main/AndroidManifest.xml:6:5-68
11-->src/main/AndroidManifest.xml:6:22-65
12    <uses-permission android:name="android.permission.BLUETOOTH_CONNECT" />
12-->src/main/AndroidManifest.xml:7:5-76
12-->src/main/AndroidManifest.xml:7:22-73
13    <uses-permission android:name="android.permission.BLUETOOTH_ADMIN" />
13-->src/main/AndroidManifest.xml:8:5-74
13-->src/main/AndroidManifest.xml:8:22-71
14    <uses-permission android:name="android.permission.BLUETOOTH_SCAN" />
14-->src/main/AndroidManifest.xml:9:5-73
14-->src/main/AndroidManifest.xml:9:22-70
15    <uses-permission android:name="android.permission.ACCESS_FINE_LOCATION" />
15-->src/main/AndroidManifest.xml:10:5-79
15-->src/main/AndroidManifest.xml:10:22-76
16    <uses-permission android:name="android.permission.ACCESS_COARSE_LOCATION" />
16-->src/main/AndroidManifest.xml:11:5-81
16-->src/main/AndroidManifest.xml:11:22-78
17    <uses-permission android:name="android.permission.INTERNET" />
17-->src/main/AndroidManifest.xml:12:5-67
17-->src/main/AndroidManifest.xml:12:22-64
18    <uses-permission android:name="android.permission.ACCESS_NETWORK_STATE" />
18-->src/main/AndroidManifest.xml:13:5-79
18-->src/main/AndroidManifest.xml:13:22-76
19    <uses-permission android:name="android.permission.WRITE_EXTERNAL_STORAGE" />
19-->src/main/AndroidManifest.xml:14:5-16:40
19-->src/main/AndroidManifest.xml:15:9-65
20    <uses-permission android:name="android.permission.CAMERA" />
20-->src/main/AndroidManifest.xml:17:5-65
20-->src/main/AndroidManifest.xml:17:22-62
21    <uses-permission android:name="android.permission.READ_EXTERNAL_STORAGE" />
21-->src/main/AndroidManifest.xml:18:5-80
21-->src/main/AndroidManifest.xml:18:22-77
22    <uses-permission android:name="android.permission.READ_PHONE_STATE" />
22-->src/main/AndroidManifest.xml:19:5-75
22-->src/main/AndroidManifest.xml:19:22-72
23    <uses-permission android:name="android.permission.READ_CALL_LOG" />
23-->src/main/AndroidManifest.xml:20:5-72
23-->src/main/AndroidManifest.xml:20:22-69
24    <uses-permission android:name="android.permission.READ_CONTACTS" />
24-->src/main/AndroidManifest.xml:21:5-72
24-->src/main/AndroidManifest.xml:21:22-69
25    <uses-permission android:name="android.permission.RECEIVE_BOOT_COMPLETED" />
25-->src/main/AndroidManifest.xml:22:5-81
25-->src/main/AndroidManifest.xml:22:22-78
26    <uses-permission android:name="android.permission.RECORD_AUDIO" />
26-->src/main/AndroidManifest.xml:23:5-71
26-->src/main/AndroidManifest.xml:23:22-68
27    <uses-permission android:name="android.permission.FLASHLIGHT" />
27-->src/main/AndroidManifest.xml:24:5-69
27-->src/main/AndroidManifest.xml:24:22-66
28    <uses-permission android:name="com.google.android.c2dm.permission.RECEIVE" />
28-->src/main/AndroidManifest.xml:25:5-82
28-->src/main/AndroidManifest.xml:25:22-79
29
30    <uses-feature android:name="android.hardware.camera" />
30-->src/main/AndroidManifest.xml:27:5-60
30-->src/main/AndroidManifest.xml:27:19-57
31    <uses-feature android:name="android.hardware.camera.autofocus" />
31-->src/main/AndroidManifest.xml:28:5-70
31-->src/main/AndroidManifest.xml:28:19-67
32    <uses-feature
32-->src/main/AndroidManifest.xml:29:5-31:35
33        android:name="android.hardware.bluetooth_le"
33-->src/main/AndroidManifest.xml:30:9-53
34        android:required="true" />
34-->src/main/AndroidManifest.xml:31:9-32
35
36    <uses-permission android:name="android.permission.BLUETOOTH_PRIVILEGED" />
36-->[RealtekSDK-1.0.1-release.aar] AndroidManifest.xml:13:5-79
36-->[RealtekSDK-1.0.1-release.aar] AndroidManifest.xml:13:22-76
37    <uses-permission android:name="android.permission.VIBRATE" />
37-->[com.fxn769:pix:1.5.6] AndroidManifest.xml:13:5-66
37-->[com.fxn769:pix:1.5.6] AndroidManifest.xml:13:22-63
38    <uses-permission android:name="android.permission.ACCESS_MEDIA_LOCATION" /> <!-- See https://developer.android.com/training/package-visibility/declaring for more details. -->
38-->[com.fxn769:pix:1.5.6] AndroidManifest.xml:16:5-80
38-->[com.fxn769:pix:1.5.6] AndroidManifest.xml:16:22-77
39    <queries>
39-->[com.stripe:payments-core:20.16.1] AndroidManifest.xml:10:5-14:15
40
41        <!-- Added to check if Chrome is installed for browser-based payment authentication (e.g. 3DS1). -->
42        <package android:name="com.android.chrome" />
42-->[com.stripe:payments-core:20.16.1] AndroidManifest.xml:13:9-54
42-->[com.stripe:payments-core:20.16.1] AndroidManifest.xml:13:18-51
43    </queries> <!-- See https://developer.android.com/training/package-visibility/declaring for more details. -->
44    <queries>
44-->[com.stripe:payments-core:20.16.1] AndroidManifest.xml:10:5-14:15
45
46        <!-- Added to check the default browser that will host the AuthFlow. -->
47        <intent>
48            <action android:name="android.intent.action.VIEW" />
48-->[com.stripe:payments-core:20.16.1] AndroidManifest.xml:54:17-69
48-->[com.stripe:payments-core:20.16.1] AndroidManifest.xml:54:25-66
49
50            <data android:scheme="http" />
50-->[com.stripe:payments-core:20.16.1] AndroidManifest.xml:60:17-63:50
50-->[com.stripe:payments-core:20.16.1] AndroidManifest.xml:63:21-47
51        </intent>
52    </queries>
53
54    <uses-permission android:name="android.permission.POST_NOTIFICATIONS" />
54-->[com.google.firebase:firebase-messaging:23.0.6] AndroidManifest.xml:26:5-77
54-->[com.google.firebase:firebase-messaging:23.0.6] AndroidManifest.xml:26:22-74
55    <uses-permission android:name="android.permission.WAKE_LOCK" />
55-->[com.google.firebase:firebase-messaging:23.0.6] AndroidManifest.xml:27:5-68
55-->[com.google.firebase:firebase-messaging:23.0.6] AndroidManifest.xml:27:22-65
56
57    <uses-feature
57-->[com.otaliastudios:cameraview:2.7.0] AndroidManifest.xml:27:5-29:36
58        android:name="android.hardware.camera.front"
58-->[com.otaliastudios:cameraview:2.7.0] AndroidManifest.xml:28:9-53
59        android:required="false" />
59-->[com.otaliastudios:cameraview:2.7.0] AndroidManifest.xml:29:9-33
60    <uses-feature
60-->[com.otaliastudios:cameraview:2.7.0] AndroidManifest.xml:30:5-32:36
61        android:name="android.hardware.microphone"
61-->[com.otaliastudios:cameraview:2.7.0] AndroidManifest.xml:31:9-51
62        android:required="false" />
62-->[com.otaliastudios:cameraview:2.7.0] AndroidManifest.xml:32:9-33
63
64    <uses-permission android:name="com.google.android.gms.permission.AD_ID" />
64-->[com.google.android.gms:play-services-measurement-api:21.1.0] AndroidManifest.xml:25:5-79
64-->[com.google.android.gms:play-services-measurement-api:21.1.0] AndroidManifest.xml:25:22-76
65
66    <uses-feature
66-->[com.google.android.gms:play-services-maps:18.0.2] AndroidManifest.xml:26:5-28:35
67        android:glEsVersion="0x00020000"
67-->[com.google.android.gms:play-services-maps:18.0.2] AndroidManifest.xml:27:9-41
68        android:required="true" />
68-->[com.google.android.gms:play-services-maps:18.0.2] AndroidManifest.xml:28:9-32
69
70    <queries>
70-->[com.stripe:payments-core:20.16.1] AndroidManifest.xml:10:5-14:15
71
72        <!-- Needs to be explicitly declared on Android R+ -->
73        <package android:name="com.google.android.apps.maps" />
74    </queries>
75
76    <uses-permission android:name="com.google.android.finsky.permission.BIND_GET_INSTALL_REFERRER_SERVICE" />
76-->[com.google.android.gms:play-services-measurement:21.1.0] AndroidManifest.xml:26:5-110
76-->[com.google.android.gms:play-services-measurement:21.1.0] AndroidManifest.xml:26:22-107
77
78    <permission
78-->[androidx.core:core:1.9.0] AndroidManifest.xml:22:5-24:47
79        android:name="com.algebratech.pulse_wellness.DYNAMIC_RECEIVER_NOT_EXPORTED_PERMISSION"
79-->[androidx.core:core:1.9.0] AndroidManifest.xml:23:9-81
80        android:protectionLevel="signature" />
80-->[androidx.core:core:1.9.0] AndroidManifest.xml:24:9-44
81
82    <uses-permission android:name="com.algebratech.pulse_wellness.DYNAMIC_RECEIVER_NOT_EXPORTED_PERMISSION" /> <!-- Permission will be merged into the manifest of the hosting app. -->
82-->[androidx.core:core:1.9.0] AndroidManifest.xml:26:5-97
82-->[androidx.core:core:1.9.0] AndroidManifest.xml:26:22-94
83    <!-- Is required to launch foreground extraction service for targetSdkVersion 28+. -->
84    <uses-permission android:name="android.permission.FOREGROUND_SERVICE" />
84-->[com.google.android.play:core:1.7.3] AndroidManifest.xml:8:3-74
84-->[com.google.android.play:core:1.7.3] AndroidManifest.xml:8:20-72
85
86    <application
86-->src/main/AndroidManifest.xml:33:5-434:19
87        android:name="com.algebratech.pulse_wellness.App"
87-->src/main/AndroidManifest.xml:34:9-28
88        android:allowBackup="true"
88-->src/main/AndroidManifest.xml:35:9-35
89        android:appComponentFactory="androidx.core.app.CoreComponentFactory"
89-->[androidx.core:core:1.9.0] AndroidManifest.xml:28:18-86
90        android:debuggable="true"
91        android:icon="@mipmap/ic_launcher"
91-->src/main/AndroidManifest.xml:36:9-43
92        android:label="@string/app_name"
92-->src/main/AndroidManifest.xml:37:9-41
93        android:largeHeap="true"
93-->src/main/AndroidManifest.xml:38:9-33
94        android:requestLegacyExternalStorage="true"
94-->src/main/AndroidManifest.xml:39:9-52
95        android:roundIcon="@mipmap/ic_launcher_round"
95-->src/main/AndroidManifest.xml:40:9-54
96        android:supportsRtl="true"
96-->src/main/AndroidManifest.xml:41:9-35
97        android:testOnly="true"
98        android:theme="@style/AppTheme.NoActionBar"
98-->src/main/AndroidManifest.xml:42:9-52
99        android:usesCleartextTraffic="true" >
99-->src/main/AndroidManifest.xml:43:9-44
100        <activity
100-->src/main/AndroidManifest.xml:45:9-51:20
101            android:name="com.algebratech.pulse_wellness.StepsActivity"
101-->src/main/AndroidManifest.xml:46:13-42
102            android:exported="false" >
102-->src/main/AndroidManifest.xml:47:13-37
103            <meta-data
103-->src/main/AndroidManifest.xml:48:13-50:36
104                android:name="android.app.lib_name"
104-->src/main/AndroidManifest.xml:49:17-52
105                android:value="" />
105-->src/main/AndroidManifest.xml:50:17-33
106        </activity>
107        <activity
107-->src/main/AndroidManifest.xml:52:9-58:20
108            android:name="com.algebratech.pulse_wellness.activities.WearableLogin"
108-->src/main/AndroidManifest.xml:53:13-53
109            android:exported="false" >
109-->src/main/AndroidManifest.xml:54:13-37
110            <meta-data
110-->src/main/AndroidManifest.xml:48:13-50:36
111                android:name="android.app.lib_name"
111-->src/main/AndroidManifest.xml:49:17-52
112                android:value="" />
112-->src/main/AndroidManifest.xml:50:17-33
113        </activity>
114        <activity
114-->src/main/AndroidManifest.xml:59:9-65:20
115            android:name="com.algebratech.pulse_wellness.activities.SyncDataActivity"
115-->src/main/AndroidManifest.xml:60:13-56
116            android:exported="false" >
116-->src/main/AndroidManifest.xml:61:13-37
117            <meta-data
117-->src/main/AndroidManifest.xml:48:13-50:36
118                android:name="android.app.lib_name"
118-->src/main/AndroidManifest.xml:49:17-52
119                android:value="" />
119-->src/main/AndroidManifest.xml:50:17-33
120        </activity>
121        <activity android:name="com.algebratech.pulse_wellness.FunctionsActivity" />
121-->src/main/AndroidManifest.xml:66:9-55
121-->src/main/AndroidManifest.xml:66:19-52
122        <activity
122-->src/main/AndroidManifest.xml:67:9-73:20
123            android:name="com.algebratech.pulse_wellness.activities.DailyWalkReport"
123-->src/main/AndroidManifest.xml:68:13-55
124            android:exported="false" >
124-->src/main/AndroidManifest.xml:69:13-37
125            <meta-data
125-->src/main/AndroidManifest.xml:48:13-50:36
126                android:name="android.app.lib_name"
126-->src/main/AndroidManifest.xml:49:17-52
127                android:value="" />
127-->src/main/AndroidManifest.xml:50:17-33
128        </activity>
129        <activity
129-->src/main/AndroidManifest.xml:74:9-76:39
130            android:name="com.algebratech.pulse_wellness.activities.WeightMonitoring"
130-->src/main/AndroidManifest.xml:75:13-56
131            android:exported="true" />
131-->src/main/AndroidManifest.xml:76:13-36
132        <activity
132-->src/main/AndroidManifest.xml:77:9-79:39
133            android:name="com.algebratech.pulse_wellness.activities.WatchActivities"
133-->src/main/AndroidManifest.xml:78:13-55
134            android:exported="true" />
134-->src/main/AndroidManifest.xml:79:13-36
135        <activity
135-->src/main/AndroidManifest.xml:80:9-82:39
136            android:name="com.algebratech.pulse_wellness.activities.DetailActivitySummary"
136-->src/main/AndroidManifest.xml:81:13-61
137            android:exported="true" />
137-->src/main/AndroidManifest.xml:82:13-36
138        <activity
138-->src/main/AndroidManifest.xml:83:9-85:39
139            android:name="com.algebratech.pulse_wellness.activities.RowingMachineActivity"
139-->src/main/AndroidManifest.xml:84:13-61
140            android:exported="true" />
140-->src/main/AndroidManifest.xml:85:13-36
141        <activity
141-->src/main/AndroidManifest.xml:86:9-88:39
142            android:name="com.algebratech.pulse_wellness.activities.StationaryBikeActivity"
142-->src/main/AndroidManifest.xml:87:13-62
143            android:exported="true" />
143-->src/main/AndroidManifest.xml:88:13-36
144        <activity
144-->src/main/AndroidManifest.xml:89:9-91:39
145            android:name="com.algebratech.pulse_wellness.activities.StairStepperActivity"
145-->src/main/AndroidManifest.xml:90:13-60
146            android:exported="true" />
146-->src/main/AndroidManifest.xml:91:13-36
147        <activity
147-->src/main/AndroidManifest.xml:92:9-94:39
148            android:name="com.algebratech.pulse_wellness.activities.IndoorWalkActivity"
148-->src/main/AndroidManifest.xml:93:13-58
149            android:exported="true" />
149-->src/main/AndroidManifest.xml:94:13-36
150        <activity
150-->src/main/AndroidManifest.xml:95:9-97:39
151            android:name="com.algebratech.pulse_wellness.activities.IndoorRunActivity"
151-->src/main/AndroidManifest.xml:96:13-57
152            android:exported="true" />
152-->src/main/AndroidManifest.xml:97:13-36
153        <activity
153-->src/main/AndroidManifest.xml:98:9-100:39
154            android:name="com.algebratech.pulse_wellness.activities.HikingActivity"
154-->src/main/AndroidManifest.xml:99:13-54
155            android:exported="true" />
155-->src/main/AndroidManifest.xml:100:13-36
156        <activity
156-->src/main/AndroidManifest.xml:101:9-103:39
157            android:name="com.algebratech.pulse_wellness.fragments.ShowDataFragment"
157-->src/main/AndroidManifest.xml:102:13-55
158            android:exported="true" />
158-->src/main/AndroidManifest.xml:103:13-36
159        <activity
159-->src/main/AndroidManifest.xml:104:9-106:39
160            android:name="com.algebratech.pulse_wellness.gridDemo"
160-->src/main/AndroidManifest.xml:105:13-37
161            android:exported="true" />
161-->src/main/AndroidManifest.xml:106:13-36
162        <activity
162-->src/main/AndroidManifest.xml:107:9-109:39
163            android:name="com.algebratech.pulse_wellness.MySubscriptionplan"
163-->src/main/AndroidManifest.xml:108:13-47
164            android:exported="true" />
164-->src/main/AndroidManifest.xml:109:13-36
165        <activity
165-->src/main/AndroidManifest.xml:110:9-112:39
166            android:name="com.algebratech.pulse_wellness.activities.AddUserGoals"
166-->src/main/AndroidManifest.xml:111:13-52
167            android:exported="true" /> <!-- <activity -->
167-->src/main/AndroidManifest.xml:112:13-36
168        <!-- android:name=".fragments.LeaderboardFragment" -->
169        <!-- android:exported="true" /> -->
170        <!-- <activity -->
171        <!-- android:name=".FragmentTabLeaderboardFriendlist" -->
172        <!-- android:exported="true" /> -->
173        <!-- <activity -->
174        <!-- android:name=".activities.SettingFragment" -->
175        <!-- android:exported="true" /> -->
176        <!-- <activity -->
177        <!-- android:name=".fragment_tab_newsfeed_dashboard" -->
178        <!-- android:exported="true" /> -->
179        <activity
179-->src/main/AndroidManifest.xml:124:9-126:39
180            android:name="com.algebratech.pulse_wellness.activities.AddCardActivity"
180-->src/main/AndroidManifest.xml:125:13-55
181            android:exported="true" />
181-->src/main/AndroidManifest.xml:126:13-36
182        <activity
182-->src/main/AndroidManifest.xml:127:9-129:39
183            android:name="com.algebratech.pulse_wellness.activities.generatingWellnessPlan"
183-->src/main/AndroidManifest.xml:128:13-62
184            android:exported="true" />
184-->src/main/AndroidManifest.xml:129:13-36
185        <activity
185-->src/main/AndroidManifest.xml:130:9-132:39
186            android:name="com.algebratech.pulse_wellness.AddFriendScreen"
186-->src/main/AndroidManifest.xml:131:13-44
187            android:exported="true" />
187-->src/main/AndroidManifest.xml:132:13-36
188        <activity
188-->src/main/AndroidManifest.xml:133:9-135:39
189            android:name="com.algebratech.pulse_wellness.activities.FriendProfileActivity"
189-->src/main/AndroidManifest.xml:134:13-61
190            android:exported="true" />
190-->src/main/AndroidManifest.xml:135:13-36
191        <activity
191-->src/main/AndroidManifest.xml:136:9-138:39
192            android:name="com.algebratech.pulse_wellness.DetailActivityScreen"
192-->src/main/AndroidManifest.xml:137:13-49
193            android:exported="true" />
193-->src/main/AndroidManifest.xml:138:13-36
194        <activity
194-->src/main/AndroidManifest.xml:139:9-141:39
195            android:name="com.algebratech.pulse_wellness.fragments.ProfileActivity"
195-->src/main/AndroidManifest.xml:140:13-54
196            android:exported="true" />
196-->src/main/AndroidManifest.xml:141:13-36
197        <activity
197-->src/main/AndroidManifest.xml:142:9-144:39
198            android:name="com.algebratech.pulse_wellness.activities.AllTransaction"
198-->src/main/AndroidManifest.xml:143:13-54
199            android:exported="true" />
199-->src/main/AndroidManifest.xml:144:13-36
200        <activity
200-->src/main/AndroidManifest.xml:145:9-147:39
201            android:name="com.algebratech.pulse_wellness.activities.MyWellnesPlanScreen"
201-->src/main/AndroidManifest.xml:146:13-59
202            android:exported="true" />
202-->src/main/AndroidManifest.xml:147:13-36
203        <activity
203-->src/main/AndroidManifest.xml:148:9-150:39
204            android:name="com.algebratech.pulse_wellness.activities.NotificationActivity"
204-->src/main/AndroidManifest.xml:149:13-60
205            android:exported="true" />
205-->src/main/AndroidManifest.xml:150:13-36
206        <activity
206-->src/main/AndroidManifest.xml:151:9-153:39
207            android:name="com.algebratech.pulse_wellness.activities.ProfileCreatedView"
207-->src/main/AndroidManifest.xml:152:13-58
208            android:exported="true" />
208-->src/main/AndroidManifest.xml:153:13-36
209
210        <service
210-->src/main/AndroidManifest.xml:155:9-163:19
211            android:name="com.algebratech.pulse_wellness.services.MyFirebaseMessagingService"
211-->src/main/AndroidManifest.xml:156:13-64
212            android:exported="true" >
212-->src/main/AndroidManifest.xml:157:13-36
213            <intent-filter>
213-->src/main/AndroidManifest.xml:158:13-162:29
214                <action android:name="com.google.firebase.MESSAGING_EVENT" />
214-->src/main/AndroidManifest.xml:159:17-78
214-->src/main/AndroidManifest.xml:159:25-75
215                <!-- <action android:name="com.google.android.c2dm.intent.RECEIVE" /> -->
216                <!-- <action android:name="com.google.firebase.INSTANCE_ID_EVENT"/> -->
217            </intent-filter>
218        </service> <!-- <service -->
219        <!-- android:name=".services.MyFirebaseInstanceIDService" -->
220        <!-- android:exported="true"> -->
221        <!-- <intent-filter> -->
222        <!-- <action android:name="com.google.firebase.INSTANCE_ID_EVENT" /> -->
223        <!-- </intent-filter> -->
224        <!-- </service> -->
225        <activity
225-->src/main/AndroidManifest.xml:170:9-172:39
226            android:name="com.algebratech.pulse_wellness.activities.MyNewsFeedActivity"
226-->src/main/AndroidManifest.xml:171:13-58
227            android:exported="true" />
227-->src/main/AndroidManifest.xml:172:13-36
228        <activity
228-->src/main/AndroidManifest.xml:173:9-175:39
229            android:name="com.algebratech.pulse_wellness.activities.SelectDisease"
229-->src/main/AndroidManifest.xml:174:13-53
230            android:exported="true" />
230-->src/main/AndroidManifest.xml:175:13-36
231        <activity
231-->src/main/AndroidManifest.xml:176:9-178:39
232            android:name="com.algebratech.pulse_wellness.Comment_activity"
232-->src/main/AndroidManifest.xml:177:13-45
233            android:exported="true" />
233-->src/main/AndroidManifest.xml:178:13-36
234        <activity
234-->src/main/AndroidManifest.xml:179:9-181:39
235            android:name="com.algebratech.pulse_wellness.activities.NewsLikeActivity"
235-->src/main/AndroidManifest.xml:180:13-56
236            android:exported="true" />
236-->src/main/AndroidManifest.xml:181:13-36
237        <activity
237-->src/main/AndroidManifest.xml:182:9-184:39
238            android:name="com.algebratech.pulse_wellness.activities.SubscriptionPlansListingScreen"
238-->src/main/AndroidManifest.xml:183:13-70
239            android:exported="true" />
239-->src/main/AndroidManifest.xml:184:13-36
240        <activity
240-->src/main/AndroidManifest.xml:185:9-195:20
241            android:name="com.algebratech.pulse_wellness.activities.SplashActivity"
241-->src/main/AndroidManifest.xml:186:13-54
242            android:exported="true"
242-->src/main/AndroidManifest.xml:187:13-36
243            android:screenOrientation="portrait"
243-->src/main/AndroidManifest.xml:188:13-49
244            android:theme="@style/AppTheme.NoActionBar" >
244-->src/main/AndroidManifest.xml:189:13-56
245            <intent-filter>
245-->src/main/AndroidManifest.xml:190:13-194:29
246                <action android:name="android.intent.action.MAIN" />
246-->src/main/AndroidManifest.xml:191:17-69
246-->src/main/AndroidManifest.xml:191:25-66
247
248                <category android:name="android.intent.category.LAUNCHER" />
248-->src/main/AndroidManifest.xml:193:17-77
248-->src/main/AndroidManifest.xml:193:27-74
249            </intent-filter>
250        </activity>
251        <activity
251-->src/main/AndroidManifest.xml:196:9-200:51
252            android:name="com.algebratech.pulse_wellness.activities.LoginActivity"
252-->src/main/AndroidManifest.xml:197:13-53
253            android:exported="true"
253-->src/main/AndroidManifest.xml:198:13-36
254            android:screenOrientation="portrait"
254-->src/main/AndroidManifest.xml:199:13-49
255            android:theme="@style/AppThemeMain" />
255-->src/main/AndroidManifest.xml:200:13-48
256        <activity
256-->src/main/AndroidManifest.xml:201:9-204:52
257            android:name="com.algebratech.pulse_wellness.activities.ForgetPasswordSelectionActivity"
257-->src/main/AndroidManifest.xml:202:13-71
258            android:exported="true"
258-->src/main/AndroidManifest.xml:203:13-36
259            android:screenOrientation="portrait" />
259-->src/main/AndroidManifest.xml:204:13-49
260        <activity
260-->src/main/AndroidManifest.xml:205:9-209:51
261            android:name="com.algebratech.pulse_wellness.activities.ForgetPasswordActivity"
261-->src/main/AndroidManifest.xml:206:13-62
262            android:exported="true"
262-->src/main/AndroidManifest.xml:207:13-36
263            android:screenOrientation="portrait"
263-->src/main/AndroidManifest.xml:208:13-49
264            android:theme="@style/AppThemeMain" />
264-->src/main/AndroidManifest.xml:209:13-48
265        <activity
265-->src/main/AndroidManifest.xml:210:9-214:51
266            android:name="com.algebratech.pulse_wellness.activities.ForgetPasswordEmailActivity"
266-->src/main/AndroidManifest.xml:211:13-67
267            android:exported="true"
267-->src/main/AndroidManifest.xml:212:13-36
268            android:screenOrientation="portrait"
268-->src/main/AndroidManifest.xml:213:13-49
269            android:theme="@style/AppThemeMain" />
269-->src/main/AndroidManifest.xml:214:13-48
270        <activity
270-->src/main/AndroidManifest.xml:215:9-219:51
271            android:name="com.algebratech.pulse_wellness.activities.VerityOtpActivity"
271-->src/main/AndroidManifest.xml:216:13-57
272            android:exported="true"
272-->src/main/AndroidManifest.xml:217:13-36
273            android:screenOrientation="portrait"
273-->src/main/AndroidManifest.xml:218:13-49
274            android:theme="@style/AppThemeMain" />
274-->src/main/AndroidManifest.xml:219:13-48
275        <activity
275-->src/main/AndroidManifest.xml:220:9-224:51
276            android:name="com.algebratech.pulse_wellness.activities.ChangePasswordDoneActivity"
276-->src/main/AndroidManifest.xml:221:13-66
277            android:exported="true"
277-->src/main/AndroidManifest.xml:222:13-36
278            android:screenOrientation="portrait"
278-->src/main/AndroidManifest.xml:223:13-49
279            android:theme="@style/AppThemeMain" />
279-->src/main/AndroidManifest.xml:224:13-48
280        <activity
280-->src/main/AndroidManifest.xml:225:9-228:51
281            android:name="com.algebratech.pulse_wellness.activities.NewPassword"
281-->src/main/AndroidManifest.xml:226:13-51
282            android:exported="true"
282-->src/main/AndroidManifest.xml:227:13-36
283            android:theme="@style/AppThemeMain" />
283-->src/main/AndroidManifest.xml:228:13-48
284        <activity
284-->src/main/AndroidManifest.xml:229:9-233:51
285            android:name="com.algebratech.pulse_wellness.activities.RegisterActivity"
285-->src/main/AndroidManifest.xml:230:13-56
286            android:exported="true"
286-->src/main/AndroidManifest.xml:231:13-36
287            android:screenOrientation="portrait"
287-->src/main/AndroidManifest.xml:232:13-49
288            android:theme="@style/AppThemeMain" />
288-->src/main/AndroidManifest.xml:233:13-48
289        <activity
289-->src/main/AndroidManifest.xml:234:9-239:47
290            android:name="com.algebratech.pulse_wellness.activities.CreateProfileActivity"
290-->src/main/AndroidManifest.xml:235:13-61
291            android:exported="true"
291-->src/main/AndroidManifest.xml:236:13-36
292            android:label="Edit Profile"
292-->src/main/AndroidManifest.xml:237:13-41
293            android:screenOrientation="portrait"
293-->src/main/AndroidManifest.xml:238:13-49
294            android:theme="@style/AppTheme" />
294-->src/main/AndroidManifest.xml:239:13-44
295        <activity
295-->src/main/AndroidManifest.xml:240:9-244:51
296            android:name="com.algebratech.pulse_wellness.activities.CreateProfileOneActivity"
296-->src/main/AndroidManifest.xml:241:13-64
297            android:exported="true"
297-->src/main/AndroidManifest.xml:242:13-36
298            android:screenOrientation="portrait"
298-->src/main/AndroidManifest.xml:243:13-49
299            android:theme="@style/AppThemeMain" />
299-->src/main/AndroidManifest.xml:244:13-48
300        <activity
300-->src/main/AndroidManifest.xml:245:9-249:51
301            android:name="com.algebratech.pulse_wellness.activities.CreateProfileTwoActivity"
301-->src/main/AndroidManifest.xml:246:13-64
302            android:exported="true"
302-->src/main/AndroidManifest.xml:247:13-36
303            android:screenOrientation="portrait"
303-->src/main/AndroidManifest.xml:248:13-49
304            android:theme="@style/AppThemeMain" />
304-->src/main/AndroidManifest.xml:249:13-48
305        <activity
305-->src/main/AndroidManifest.xml:250:9-254:51
306            android:name="com.algebratech.pulse_wellness.activities.CreateProfileThreeActivity"
306-->src/main/AndroidManifest.xml:251:13-66
307            android:exported="true"
307-->src/main/AndroidManifest.xml:252:13-36
308            android:screenOrientation="portrait"
308-->src/main/AndroidManifest.xml:253:13-49
309            android:theme="@style/AppThemeMain" />
309-->src/main/AndroidManifest.xml:254:13-48
310        <activity
310-->src/main/AndroidManifest.xml:255:9-259:59
311            android:name="com.algebratech.pulse_wellness.activities.MainActivity"
311-->src/main/AndroidManifest.xml:256:13-52
312            android:exported="true"
312-->src/main/AndroidManifest.xml:257:13-36
313            android:screenOrientation="portrait"
313-->src/main/AndroidManifest.xml:258:13-49
314            android:theme="@style/AppTheme.NoActionBar" />
314-->src/main/AndroidManifest.xml:259:13-56
315        <activity
315-->src/main/AndroidManifest.xml:260:9-265:47
316            android:name="com.algebratech.pulse_wellness.activities.ScanActivity"
316-->src/main/AndroidManifest.xml:261:13-52
317            android:exported="true"
317-->src/main/AndroidManifest.xml:262:13-36
318            android:label="Wearable Settings"
318-->src/main/AndroidManifest.xml:263:13-46
319            android:screenOrientation="portrait"
319-->src/main/AndroidManifest.xml:264:13-49
320            android:theme="@style/AppTheme" />